2025-02-14 17:15:58.270 [info] Extension host with pid 16887 started
2025-02-14 17:15:58.365 [info] Lock '/home/raghutds/.vscode-server/data/User/workspaceStorage/4cea4d8d6395648b7ad0cee8b2562938/vscode.lock': Lock acquired.
2025-02-14 17:15:58.512 [info] ExtensionService#_doActivateExtension vscode.git-base, startup: true, activationEvent: '*', root cause: vscode.git
2025-02-14 17:15:59.014 [info] ExtensionService#_doActivateExtension vscode.git, startup: true, activationEvent: '*'
2025-02-14 17:15:59.015 [info] ExtensionService#_doActivateExtension vscode.github, startup: true, activationEvent: '*'
2025-02-14 17:15:59.841 [info] Eager extensions activated
2025-02-14 17:15:59.842 [info] ExtensionService#_doActivateExtension vscode.debug-auto-launch, startup: false, activationEvent: 'onStartupFinished'
2025-02-14 17:15:59.843 [info] ExtensionService#_doActivateExtension vscode.merge-conflict, startup: false, activationEvent: 'onStartupFinished'
2025-02-14 17:16:00.239 [info] ExtensionService#_doActivateExtension vscode.emmet, startup: false, activationEvent: 'onLanguage'
2025-02-14 17:16:47.497 [info] ExtensionService#_doActivateExtension ms-python.python, startup: false, activationEvent: 'onLanguage:python', root cause: ms-python.debugpy
2025-02-14 17:16:49.153 [info] ExtensionService#_doActivateExtension ms-python.debugpy, startup: false, activationEvent: 'onLanguage:python'
2025-02-14 17:16:49.154 [info] ExtensionService#_doActivateExtension ms-python.vscode-pylance, startup: false, activationEvent: 'onLanguage:python'
2025-02-14 17:29:44.564 [info] ExtensionService#_doActivateExtension ms-azuretools.vscode-docker, startup: false, activationEvent: 'onLanguage:dockerfile'
2025-02-14 17:51:19.302 [info] ExtensionService#_doActivateExtension vscode.npm, startup: false, activationEvent: 'onTerminalQuickFixRequest:ms-vscode.npm-command'
2025-02-14 20:05:14.807 [info] Extension host terminating: received terminate message from renderer
2025-02-14 20:05:14.808 [info] Lock '/home/raghutds/.vscode-server/data/User/workspaceStorage/4cea4d8d6395648b7ad0cee8b2562938/vscode.lock': Marking the lockfile as scheduled to be released in 6000 ms.
2025-02-14 20:05:15.008 [error] Canceled: Canceled
	at new XT (file:///home/raghutds/.vscode-server/bin/e54c774e0add60467559eb0d1e229c6452cf8447/out/vs/workbench/api/node/extensionHostProcess.js:29:153701)
	at Uy.U (file:///home/raghutds/.vscode-server/bin/e54c774e0add60467559eb0d1e229c6452cf8447/out/vs/workbench/api/node/extensionHostProcess.js:29:158311)
	at s.<computed>.n.charCodeAt.s.<computed> (file:///home/raghutds/.vscode-server/bin/e54c774e0add60467559eb0d1e229c6452cf8447/out/vs/workbench/api/node/extensionHostProcess.js:29:155805)
	at mw.g (file:///home/raghutds/.vscode-server/bin/e54c774e0add60467559eb0d1e229c6452cf8447/out/vs/workbench/api/node/extensionHostProcess.js:112:32221)
	at mw.executeCommand (file:///home/raghutds/.vscode-server/bin/e54c774e0add60467559eb0d1e229c6452cf8447/out/vs/workbench/api/node/extensionHostProcess.js:112:31725)
	at r.registerCommand.description (file:///home/raghutds/.vscode-server/bin/e54c774e0add60467559eb0d1e229c6452cf8447/out/vs/workbench/api/node/extensionHostProcess.js:112:31055)
	at mw.h (file:///home/raghutds/.vscode-server/bin/e54c774e0add60467559eb0d1e229c6452cf8447/out/vs/workbench/api/node/extensionHostProcess.js:112:32741)
	at mw.g (file:///home/raghutds/.vscode-server/bin/e54c774e0add60467559eb0d1e229c6452cf8447/out/vs/workbench/api/node/extensionHostProcess.js:112:31818)
	at mw.executeCommand (file:///home/raghutds/.vscode-server/bin/e54c774e0add60467559eb0d1e229c6452cf8447/out/vs/workbench/api/node/extensionHostProcess.js:112:31725)
	at Object.executeCommand (file:///home/raghutds/.vscode-server/bin/e54c774e0add60467559eb0d1e229c6452cf8447/out/vs/workbench/api/node/extensionHostProcess.js:172:37254)
	at Ah.L [as value] (/home/raghutds/.vscode-server/bin/e54c774e0add60467559eb0d1e229c6452cf8447/extensions/git/dist/main.js:2:997602)
	at D.B (file:///home/raghutds/.vscode-server/bin/e54c774e0add60467559eb0d1e229c6452cf8447/out/vs/workbench/api/node/extensionHostProcess.js:27:2373)
	at D.C (file:///home/raghutds/.vscode-server/bin/e54c774e0add60467559eb0d1e229c6452cf8447/out/vs/workbench/api/node/extensionHostProcess.js:27:2443)
	at D.fire (file:///home/raghutds/.vscode-server/bin/e54c774e0add60467559eb0d1e229c6452cf8447/out/vs/workbench/api/node/extensionHostProcess.js:27:2660)
	at Object.p [as dispose] (/home/raghutds/.vscode-server/bin/e54c774e0add60467559eb0d1e229c6452cf8447/extensions/git/dist/main.js:2:1020242)
	at /home/raghutds/.vscode-server/bin/e54c774e0add60467559eb0d1e229c6452cf8447/extensions/git/dist/main.js:2:1026621
	at Array.forEach (<anonymous>)
	at b.dispose (/home/raghutds/.vscode-server/bin/e54c774e0add60467559eb0d1e229c6452cf8447/extensions/git/dist/main.js:2:1026607)
	at cv.<anonymous> (file:///home/raghutds/.vscode-server/bin/e54c774e0add60467559eb0d1e229c6452cf8447/out/vs/workbench/api/node/extensionHostProcess.js:106:20084)
	at cv.dispose (file:///home/raghutds/.vscode-server/bin/e54c774e0add60467559eb0d1e229c6452cf8447/out/vs/workbench/api/node/extensionHostProcess.js:106:20180)
	at cv.<anonymous> (/home/raghutds/.vscode-server/bin/e54c774e0add60467559eb0d1e229c6452cf8447/extensions/git/dist/main.js:2:1000086)
	at cv.dispose (file:///home/raghutds/.vscode-server/bin/e54c774e0add60467559eb0d1e229c6452cf8447/out/vs/workbench/api/node/extensionHostProcess.js:106:20180)
	at ui (file:///home/raghutds/.vscode-server/bin/e54c774e0add60467559eb0d1e229c6452cf8447/out/vs/workbench/api/node/extensionHostProcess.js:25:699)
	at file:///home/raghutds/.vscode-server/bin/e54c774e0add60467559eb0d1e229c6452cf8447/out/vs/workbench/api/node/extensionHostProcess.js:116:14992
	at file:///home/raghutds/.vscode-server/bin/e54c774e0add60467559eb0d1e229c6452cf8447/out/vs/workbench/api/node/extensionHostProcess.js:25:1009
	at Object.dispose (file:///home/raghutds/.vscode-server/bin/e54c774e0add60467559eb0d1e229c6452cf8447/out/vs/workbench/api/node/extensionHostProcess.js:8:705)
	at PW.eb (file:///home/raghutds/.vscode-server/bin/e54c774e0add60467559eb0d1e229c6452cf8447/out/vs/workbench/api/node/extensionHostProcess.js:116:11919)
	at file:///home/raghutds/.vscode-server/bin/e54c774e0add60467559eb0d1e229c6452cf8447/out/vs/workbench/api/node/extensionHostProcess.js:116:9874
	at Array.map (<anonymous>)
	at PW.$ (file:///home/raghutds/.vscode-server/bin/e54c774e0add60467559eb0d1e229c6452cf8447/out/vs/workbench/api/node/extensionHostProcess.js:116:9862)
	at PW.terminate (file:///home/raghutds/.vscode-server/bin/e54c774e0add60467559eb0d1e229c6452cf8447/out/vs/workbench/api/node/extensionHostProcess.js:116:10105)
	at wC.terminate (file:///home/raghutds/.vscode-server/bin/e54c774e0add60467559eb0d1e229c6452cf8447/out/vs/workbench/api/node/extensionHostProcess.js:117:1434)
	at ts (file:///home/raghutds/.vscode-server/bin/e54c774e0add60467559eb0d1e229c6452cf8447/out/vs/workbench/api/node/extensionHostProcess.js:190:15080)
	at Ah.value (file:///home/raghutds/.vscode-server/bin/e54c774e0add60467559eb0d1e229c6452cf8447/out/vs/workbench/api/node/extensionHostProcess.js:190:13241)
	at D.B (file:///home/raghutds/.vscode-server/bin/e54c774e0add60467559eb0d1e229c6452cf8447/out/vs/workbench/api/node/extensionHostProcess.js:27:2373)
	at D.fire (file:///home/raghutds/.vscode-server/bin/e54c774e0add60467559eb0d1e229c6452cf8447/out/vs/workbench/api/node/extensionHostProcess.js:27:2591)
	at Xn.fire (file:///home/raghutds/.vscode-server/bin/e54c774e0add60467559eb0d1e229c6452cf8447/out/vs/workbench/api/node/extensionHostProcess.js:29:9458)
	at Gm.A (file:///home/raghutds/.vscode-server/bin/e54c774e0add60467559eb0d1e229c6452cf8447/out/vs/workbench/api/node/extensionHostProcess.js:29:12574)
	at Ah.value (file:///home/raghutds/.vscode-server/bin/e54c774e0add60467559eb0d1e229c6452cf8447/out/vs/workbench/api/node/extensionHostProcess.js:29:10994)
	at D.B (file:///home/raghutds/.vscode-server/bin/e54c774e0add60467559eb0d1e229c6452cf8447/out/vs/workbench/api/node/extensionHostProcess.js:27:2373)
	at D.fire (file:///home/raghutds/.vscode-server/bin/e54c774e0add60467559eb0d1e229c6452cf8447/out/vs/workbench/api/node/extensionHostProcess.js:27:2591)
	at m6.acceptChunk (file:///home/raghutds/.vscode-server/bin/e54c774e0add60467559eb0d1e229c6452cf8447/out/vs/workbench/api/node/extensionHostProcess.js:29:7941)
	at Ah.value (file:///home/raghutds/.vscode-server/bin/e54c774e0add60467559eb0d1e229c6452cf8447/out/vs/workbench/api/node/extensionHostProcess.js:29:7227)
	at D.B (file:///home/raghutds/.vscode-server/bin/e54c774e0add60467559eb0d1e229c6452cf8447/out/vs/workbench/api/node/extensionHostProcess.js:27:2373)
	at D.fire (file:///home/raghutds/.vscode-server/bin/e54c774e0add60467559eb0d1e229c6452cf8447/out/vs/workbench/api/node/extensionHostProcess.js:27:2591)
	at BA.z (file:///home/raghutds/.vscode-server/bin/e54c774e0add60467559eb0d1e229c6452cf8447/out/vs/workbench/api/node/extensionHostProcess.js:29:21254)
	at BA.acceptFrame (file:///home/raghutds/.vscode-server/bin/e54c774e0add60467559eb0d1e229c6452cf8447/out/vs/workbench/api/node/extensionHostProcess.js:29:21060)
	at jA.n (file:///home/raghutds/.vscode-server/bin/e54c774e0add60467559eb0d1e229c6452cf8447/out/vs/workbench/api/node/extensionHostProcess.js:29:19588)
	at file:///home/raghutds/.vscode-server/bin/e54c774e0add60467559eb0d1e229c6452cf8447/out/vs/workbench/api/node/extensionHostProcess.js:29:16820
	at Socket.t (file:///home/raghutds/.vscode-server/bin/e54c774e0add60467559eb0d1e229c6452cf8447/out/vs/workbench/api/node/extensionHostProcess.js:29:14761)
	at Socket.emit (node:events:518:28)
	at addChunk (node:internal/streams/readable:561:12)
	at readableAddChunkPushByteMode (node:internal/streams/readable:512:3)
	at Readable.push (node:internal/streams/readable:392:5)
	at TCP.onStreamRead (node:internal/stream_base_commons:191:23) setContext undefined
2025-02-14 20:05:15.022 [error] Canceled: Canceled
	at new XT (file:///home/raghutds/.vscode-server/bin/e54c774e0add60467559eb0d1e229c6452cf8447/out/vs/workbench/api/node/extensionHostProcess.js:29:153701)
	at Uy.U (file:///home/raghutds/.vscode-server/bin/e54c774e0add60467559eb0d1e229c6452cf8447/out/vs/workbench/api/node/extensionHostProcess.js:29:158311)
	at s.<computed>.n.charCodeAt.s.<computed> (file:///home/raghutds/.vscode-server/bin/e54c774e0add60467559eb0d1e229c6452cf8447/out/vs/workbench/api/node/extensionHostProcess.js:29:155805)
	at mw.g (file:///home/raghutds/.vscode-server/bin/e54c774e0add60467559eb0d1e229c6452cf8447/out/vs/workbench/api/node/extensionHostProcess.js:112:32221)
	at mw.executeCommand (file:///home/raghutds/.vscode-server/bin/e54c774e0add60467559eb0d1e229c6452cf8447/out/vs/workbench/api/node/extensionHostProcess.js:112:31725)
	at r.registerCommand.description (file:///home/raghutds/.vscode-server/bin/e54c774e0add60467559eb0d1e229c6452cf8447/out/vs/workbench/api/node/extensionHostProcess.js:112:31055)
	at mw.h (file:///home/raghutds/.vscode-server/bin/e54c774e0add60467559eb0d1e229c6452cf8447/out/vs/workbench/api/node/extensionHostProcess.js:112:32741)
	at mw.g (file:///home/raghutds/.vscode-server/bin/e54c774e0add60467559eb0d1e229c6452cf8447/out/vs/workbench/api/node/extensionHostProcess.js:112:31818)
	at mw.executeCommand (file:///home/raghutds/.vscode-server/bin/e54c774e0add60467559eb0d1e229c6452cf8447/out/vs/workbench/api/node/extensionHostProcess.js:112:31725)
	at Object.executeCommand (file:///home/raghutds/.vscode-server/bin/e54c774e0add60467559eb0d1e229c6452cf8447/out/vs/workbench/api/node/extensionHostProcess.js:172:37254)
	at set hasGitHubRepositories [as hasGitHubRepositories] (/home/raghutds/.vscode-server/bin/e54c774e0add60467559eb0d1e229c6452cf8447/extensions/github/dist/extension.js:2:344164)
	at /home/raghutds/.vscode-server/bin/e54c774e0add60467559eb0d1e229c6452cf8447/extensions/github/dist/extension.js:2:345123
	at Ah.value (/home/raghutds/.vscode-server/bin/e54c774e0add60467559eb0d1e229c6452cf8447/extensions/git/dist/main.js:2:1117802)
	at D.B (file:///home/raghutds/.vscode-server/bin/e54c774e0add60467559eb0d1e229c6452cf8447/out/vs/workbench/api/node/extensionHostProcess.js:27:2373)
	at D.C (file:///home/raghutds/.vscode-server/bin/e54c774e0add60467559eb0d1e229c6452cf8447/out/vs/workbench/api/node/extensionHostProcess.js:27:2443)
	at D.fire (file:///home/raghutds/.vscode-server/bin/e54c774e0add60467559eb0d1e229c6452cf8447/out/vs/workbench/api/node/extensionHostProcess.js:27:2660)
	at Object.p [as dispose] (/home/raghutds/.vscode-server/bin/e54c774e0add60467559eb0d1e229c6452cf8447/extensions/git/dist/main.js:2:1020242)
	at /home/raghutds/.vscode-server/bin/e54c774e0add60467559eb0d1e229c6452cf8447/extensions/git/dist/main.js:2:1026621
	at Array.forEach (<anonymous>)
	at b.dispose (/home/raghutds/.vscode-server/bin/e54c774e0add60467559eb0d1e229c6452cf8447/extensions/git/dist/main.js:2:1026607)
	at cv.<anonymous> (file:///home/raghutds/.vscode-server/bin/e54c774e0add60467559eb0d1e229c6452cf8447/out/vs/workbench/api/node/extensionHostProcess.js:106:20084)
	at cv.dispose (file:///home/raghutds/.vscode-server/bin/e54c774e0add60467559eb0d1e229c6452cf8447/out/vs/workbench/api/node/extensionHostProcess.js:106:20180)
	at cv.<anonymous> (/home/raghutds/.vscode-server/bin/e54c774e0add60467559eb0d1e229c6452cf8447/extensions/git/dist/main.js:2:1000086)
	at cv.dispose (file:///home/raghutds/.vscode-server/bin/e54c774e0add60467559eb0d1e229c6452cf8447/out/vs/workbench/api/node/extensionHostProcess.js:106:20180)
	at ui (file:///home/raghutds/.vscode-server/bin/e54c774e0add60467559eb0d1e229c6452cf8447/out/vs/workbench/api/node/extensionHostProcess.js:25:699)
	at file:///home/raghutds/.vscode-server/bin/e54c774e0add60467559eb0d1e229c6452cf8447/out/vs/workbench/api/node/extensionHostProcess.js:116:14992
	at file:///home/raghutds/.vscode-server/bin/e54c774e0add60467559eb0d1e229c6452cf8447/out/vs/workbench/api/node/extensionHostProcess.js:25:1009
	at Object.dispose (file:///home/raghutds/.vscode-server/bin/e54c774e0add60467559eb0d1e229c6452cf8447/out/vs/workbench/api/node/extensionHostProcess.js:8:705)
	at PW.eb (file:///home/raghutds/.vscode-server/bin/e54c774e0add60467559eb0d1e229c6452cf8447/out/vs/workbench/api/node/extensionHostProcess.js:116:11919)
	at file:///home/raghutds/.vscode-server/bin/e54c774e0add60467559eb0d1e229c6452cf8447/out/vs/workbench/api/node/extensionHostProcess.js:116:9874
	at Array.map (<anonymous>)
	at PW.$ (file:///home/raghutds/.vscode-server/bin/e54c774e0add60467559eb0d1e229c6452cf8447/out/vs/workbench/api/node/extensionHostProcess.js:116:9862)
	at PW.terminate (file:///home/raghutds/.vscode-server/bin/e54c774e0add60467559eb0d1e229c6452cf8447/out/vs/workbench/api/node/extensionHostProcess.js:116:10105)
	at wC.terminate (file:///home/raghutds/.vscode-server/bin/e54c774e0add60467559eb0d1e229c6452cf8447/out/vs/workbench/api/node/extensionHostProcess.js:117:1434)
	at ts (file:///home/raghutds/.vscode-server/bin/e54c774e0add60467559eb0d1e229c6452cf8447/out/vs/workbench/api/node/extensionHostProcess.js:190:15080)
	at Ah.value (file:///home/raghutds/.vscode-server/bin/e54c774e0add60467559eb0d1e229c6452cf8447/out/vs/workbench/api/node/extensionHostProcess.js:190:13241)
	at D.B (file:///home/raghutds/.vscode-server/bin/e54c774e0add60467559eb0d1e229c6452cf8447/out/vs/workbench/api/node/extensionHostProcess.js:27:2373)
	at D.fire (file:///home/raghutds/.vscode-server/bin/e54c774e0add60467559eb0d1e229c6452cf8447/out/vs/workbench/api/node/extensionHostProcess.js:27:2591)
	at Xn.fire (file:///home/raghutds/.vscode-server/bin/e54c774e0add60467559eb0d1e229c6452cf8447/out/vs/workbench/api/node/extensionHostProcess.js:29:9458)
	at Gm.A (file:///home/raghutds/.vscode-server/bin/e54c774e0add60467559eb0d1e229c6452cf8447/out/vs/workbench/api/node/extensionHostProcess.js:29:12574)
	at Ah.value (file:///home/raghutds/.vscode-server/bin/e54c774e0add60467559eb0d1e229c6452cf8447/out/vs/workbench/api/node/extensionHostProcess.js:29:10994)
	at D.B (file:///home/raghutds/.vscode-server/bin/e54c774e0add60467559eb0d1e229c6452cf8447/out/vs/workbench/api/node/extensionHostProcess.js:27:2373)
	at D.fire (file:///home/raghutds/.vscode-server/bin/e54c774e0add60467559eb0d1e229c6452cf8447/out/vs/workbench/api/node/extensionHostProcess.js:27:2591)
	at m6.acceptChunk (file:///home/raghutds/.vscode-server/bin/e54c774e0add60467559eb0d1e229c6452cf8447/out/vs/workbench/api/node/extensionHostProcess.js:29:7941)
	at Ah.value (file:///home/raghutds/.vscode-server/bin/e54c774e0add60467559eb0d1e229c6452cf8447/out/vs/workbench/api/node/extensionHostProcess.js:29:7227)
	at D.B (file:///home/raghutds/.vscode-server/bin/e54c774e0add60467559eb0d1e229c6452cf8447/out/vs/workbench/api/node/extensionHostProcess.js:27:2373)
	at D.fire (file:///home/raghutds/.vscode-server/bin/e54c774e0add60467559eb0d1e229c6452cf8447/out/vs/workbench/api/node/extensionHostProcess.js:27:2591)
	at BA.z (file:///home/raghutds/.vscode-server/bin/e54c774e0add60467559eb0d1e229c6452cf8447/out/vs/workbench/api/node/extensionHostProcess.js:29:21254)
	at BA.acceptFrame (file:///home/raghutds/.vscode-server/bin/e54c774e0add60467559eb0d1e229c6452cf8447/out/vs/workbench/api/node/extensionHostProcess.js:29:21060)
	at jA.n (file:///home/raghutds/.vscode-server/bin/e54c774e0add60467559eb0d1e229c6452cf8447/out/vs/workbench/api/node/extensionHostProcess.js:29:19588)
	at file:///home/raghutds/.vscode-server/bin/e54c774e0add60467559eb0d1e229c6452cf8447/out/vs/workbench/api/node/extensionHostProcess.js:29:16820
	at Socket.t (file:///home/raghutds/.vscode-server/bin/e54c774e0add60467559eb0d1e229c6452cf8447/out/vs/workbench/api/node/extensionHostProcess.js:29:14761)
	at Socket.emit (node:events:518:28)
	at addChunk (node:internal/streams/readable:561:12)
	at readableAddChunkPushByteMode (node:internal/streams/readable:512:3)
	at Readable.push (node:internal/streams/readable:392:5)
	at TCP.onStreamRead (node:internal/stream_base_commons:191:23) setContext undefined
2025-02-14 20:05:15.032 [info] Extension host with pid 16887 exiting with code 0
