2025-02-14 15:33:00.069 [info] Experiment 'pythonaacf' is active
2025-02-14 15:33:00.069 [info] Experiment 'pythonRecommendTensorboardExt' is active
2025-02-14 15:33:00.069 [info] Experiment 'pythonTerminalEnvVarActivation' is active
2025-02-14 15:33:00.069 [info] Experiment 'pythonTestAdapter' is active
2025-02-14 15:33:01.416 [info] > python -c "import sys;print(sys.executable)"
2025-02-14 15:33:01.545 [error] [Error: Command failed: python -c "import sys;print(sys.executable)"
/bin/sh: 1: python: not found

	at genericNodeError (node:internal/errors:984:15)
	at wrappedFn (node:internal/errors:538:14)
	at ChildProcess.exithandler (node:child_process:422:12)
	at ChildProcess.emit (node:events:530:35)
	at maybeClose (node:internal/child_process:1104:16)
	at ChildProcess._handle.onexit (node:internal/child_process:304:5)] {
  code: 127,
  killed: false,
  signal: null,
  cmd: 'python -c "import sys;print(sys.executable)"'
}
2025-02-14 15:33:01.911 [info] Shell integration status changed, can confirm it's working.
2025-02-14 15:33:03.506 [info] Starting Pylance language server.
