2025-02-14 17:16:00.093 [info] [main] Log level: Info
2025-02-14 17:16:00.093 [info] [main] Validating found git in: "git"
2025-02-14 17:16:00.093 [info] [main] Using git "2.43.0" from "git"
2025-02-14 17:16:00.093 [info] [Model][doInitialScan] Initial repository scan started
2025-02-14 17:16:00.093 [info] > git rev-parse --show-toplevel [21ms]
2025-02-14 17:16:00.116 [info] > git rev-parse --git-dir --git-common-dir [18ms]
2025-02-14 17:16:00.150 [info] [Model][openRepository] Opened repository: /home/raghutds/ragnewwsl
2025-02-14 17:16:00.165 [info] [Model][doInitialScan] Initial repository scan completed - repositories (1), closed repositories (0), parent repositories (0), unsafe repositories (0)
2025-02-14 17:16:00.186 [info] > git config --get commit.template [13ms]
2025-02-14 17:16:00.196 [info] > git for-each-ref --format=%(refname)%00%(upstream:short)%00%(objectname)%00%(upstream:track)%00%(upstream:remotename)%00%(upstream:remoteref) refs/heads/main refs/remotes/main [17ms]
2025-02-14 17:16:00.206 [warning] [Git][revParse] Unable to read file: ENOENT: no such file or directory, open '/home/raghutds/ragnewwsl/.git/refs/remotes/origin/main'
2025-02-14 17:16:00.208 [info] > git rev-parse refs/remotes/origin/main [2ms]
2025-02-14 17:16:00.310 [info] > git status -z -uall [95ms]
2025-02-14 17:16:00.311 [info] > git for-each-ref --sort -committerdate --format %(refname) %(objectname) %(*objectname) [79ms]
2025-02-14 17:16:00.458 [info] > git for-each-ref --format=%(refname)%00%(upstream:short)%00%(objectname)%00%(upstream:track)%00%(upstream:remotename)%00%(upstream:remoteref) refs/heads/main refs/remotes/main [20ms]
2025-02-14 17:16:00.475 [info] > git config --get commit.template [19ms]
2025-02-14 17:16:00.477 [info] > git config --get --local branch.main.vscode-merge-base [5ms]
2025-02-14 17:16:00.477 [warning] [Git][config] git config failed: Failed to execute git
2025-02-14 17:16:00.558 [info] > git for-each-ref --format=%(refname)%00%(upstream:short)%00%(objectname)%00%(upstream:track)%00%(upstream:remotename)%00%(upstream:remoteref) refs/heads/main refs/remotes/main [62ms]
2025-02-14 17:16:00.559 [info] > git reflog main --grep-reflog=branch: Created from *. [69ms]
2025-02-14 17:16:00.575 [warning] [Git][revParse] Unable to read file: ENOENT: no such file or directory, open '/home/raghutds/ragnewwsl/.git/refs/remotes/origin/main'
2025-02-14 17:16:00.580 [info] > git rev-parse refs/remotes/origin/main [6ms]
2025-02-14 17:16:00.595 [info] > git symbolic-ref --short refs/remotes/origin/HEAD [28ms]
2025-02-14 17:16:00.653 [info] > git status -z -uall [67ms]
2025-02-14 17:16:00.654 [info] > git for-each-ref --sort -committerdate --format %(refname) %(objectname) %(*objectname) [60ms]
2025-02-14 17:16:00.683 [info] > git for-each-ref --format=%(refname)%00%(upstream:short)%00%(objectname)%00%(upstream:track)%00%(upstream:remotename)%00%(upstream:remoteref) refs/heads/main refs/remotes/main [15ms]
2025-02-14 17:16:00.693 [info] > git for-each-ref --format=%(refname)%00%(upstream:short)%00%(objectname)%00%(upstream:track)%00%(upstream:remotename)%00%(upstream:remoteref) refs/heads/origin/main refs/remotes/origin/main [93ms]
2025-02-14 17:16:00.707 [info] > git config --get --local branch.main.vscode-merge-base [15ms]
2025-02-14 17:16:00.707 [warning] [Git][config] git config failed: Failed to execute git
2025-02-14 17:16:00.716 [info] > git config --add --local branch.main.vscode-merge-base origin/main [18ms]
2025-02-14 17:16:00.728 [info] > git reflog main --grep-reflog=branch: Created from *. [14ms]
2025-02-14 17:16:00.861 [info] > git config --get commit.template [134ms]
2025-02-14 17:16:01.418 [info] > git symbolic-ref --short refs/remotes/origin/HEAD [685ms]
2025-02-14 17:16:01.483 [info] > git check-ignore -v -z --stdin [617ms]
2025-02-14 17:16:01.486 [info] > git for-each-ref --format=%(refname)%00%(upstream:short)%00%(objectname)%00%(upstream:track)%00%(upstream:remotename)%00%(upstream:remoteref) refs/heads/main refs/remotes/main [611ms]
2025-02-14 17:16:01.498 [warning] [Git][revParse] Unable to read file: ENOENT: no such file or directory, open '/home/raghutds/ragnewwsl/.git/refs/remotes/origin/main'
2025-02-14 17:16:01.501 [info] > git for-each-ref --format=%(refname)%00%(upstream:short)%00%(objectname)%00%(upstream:track)%00%(upstream:remotename)%00%(upstream:remoteref) refs/heads/origin/main refs/remotes/origin/main [74ms]
2025-02-14 17:16:01.514 [info] > git rev-parse refs/remotes/origin/main [16ms]
2025-02-14 17:16:01.558 [info] > git status -z -uall [40ms]
2025-02-14 17:16:01.559 [info] > git for-each-ref --sort -committerdate --format %(refname) %(objectname) %(*objectname) [29ms]
2025-02-14 17:16:01.579 [info] > git config --add --local branch.main.vscode-merge-base origin/main [68ms]
2025-02-14 17:16:01.612 [info] > git merge-base refs/heads/main refs/remotes/origin/main [35ms]
2025-02-14 17:16:01.617 [info] > git for-each-ref --format=%(refname)%00%(upstream:short)%00%(objectname)%00%(upstream:track)%00%(upstream:remotename)%00%(upstream:remoteref) refs/heads/main refs/remotes/main [49ms]
2025-02-14 17:16:01.628 [info] > git config --get --local branch.main.vscode-merge-base [5ms]
2025-02-14 17:16:01.633 [info] > git diff --name-status -z --diff-filter=ADMR 6152f491530a935e13e3c1e00f9091bc4476e949...refs/remotes/origin/main [15ms]
2025-02-14 17:16:01.634 [info] > git config --get commit.template [45ms]
2025-02-14 17:16:01.641 [info] > git for-each-ref --format=%(refname)%00%(upstream:short)%00%(objectname)%00%(upstream:track)%00%(upstream:remotename)%00%(upstream:remoteref) refs/heads/origin/main refs/remotes/origin/main [9ms]
2025-02-14 17:16:01.643 [info] > git for-each-ref --format=%(refname)%00%(upstream:short)%00%(objectname)%00%(upstream:track)%00%(upstream:remotename)%00%(upstream:remoteref) refs/heads/main refs/remotes/main [4ms]
2025-02-14 17:16:01.649 [warning] [Git][revParse] Unable to read file: ENOENT: no such file or directory, open '/home/raghutds/ragnewwsl/.git/refs/remotes/origin/main'
2025-02-14 17:16:01.654 [info] > git rev-parse refs/remotes/origin/main [4ms]
2025-02-14 17:16:01.665 [info] > git status -z -uall [7ms]
2025-02-14 17:16:01.672 [info] > git for-each-ref --sort -committerdate --format %(refname) %(objectname) %(*objectname) [9ms]
2025-02-14 17:19:36.122 [info] > git log --format=%H%n%aN%n%aE%n%at%n%ct%n%P%n%D%n%B -z --shortstat --diff-merges=first-parent -n50 --skip=0 --topo-order --decorate=full --stdin [46ms]
2025-02-14 17:19:51.187 [info] > git log --format=%H%n%aN%n%aE%n%at%n%ct%n%P%n%D%n%B -z --shortstat --diff-merges=first-parent -n50 --skip=0 --topo-order --decorate=full --stdin [3ms]
2025-02-14 17:20:43.578 [info] > git hash-object -t tree /dev/null [12ms]
2025-02-14 17:20:43.587 [info] > git diff-tree -r --name-status -z --diff-filter=ADMR --find-renames=50% 4b825dc642cb6eb9a060e54bf8d69288fbee4904 6152f491530a935e13e3c1e00f9091bc4476e949 [3ms]
2025-02-14 17:20:43.631 [info] > git show --textconv 6152f491530a935e13e3c1e00f9091bc4476e949:test14feb25.txt [10ms]
2025-02-14 17:20:43.631 [info] > git ls-tree -l 6152f491530a935e13e3c1e00f9091bc4476e949 -- /home/raghutds/ragnewwsl/test14feb25.txt [6ms]
2025-02-14 17:20:44.148 [info] > git check-ignore -v -z --stdin [7ms]
2025-02-14 17:20:47.898 [info] > git diff-tree -r --name-status -z --diff-filter=ADMR --find-renames=50% 4b825dc642cb6eb9a060e54bf8d69288fbee4904 6152f491530a935e13e3c1e00f9091bc4476e949 [3ms]
2025-02-14 17:21:51.122 [info] > git ls-tree -l 6152f491530a935e13e3c1e00f9091bc4476e949 -- /home/raghutds/ragnewwsl/test14feb25.txt [11ms]
2025-02-14 17:22:47.873 [info] > git ls-tree -l 6152f491530a935e13e3c1e00f9091bc4476e949 -- /home/raghutds/ragnewwsl/test14feb25.txt [4ms]
2025-02-14 17:26:18.154 [info] > git ls-tree -l 6152f491530a935e13e3c1e00f9091bc4476e949 -- /home/raghutds/ragnewwsl/test14feb25.txt [2ms]
2025-02-14 17:27:28.921 [info] > git show --textconv :apprsp1.py [9ms]
2025-02-14 17:27:28.922 [warning] [GitFileSystemProvider][readFile] File not found - git:/home/raghutds/ragnewwsl/apprsp1.py.git?%7B%22path%22%3A%22%2Fhome%2Fraghutds%2Fragnewwsl%2Fapprsp1.py%22%2C%22ref%22%3A%22%22%7D
2025-02-14 17:27:28.927 [info] > git ls-files --stage -- /home/raghutds/ragnewwsl/apprsp1.py [9ms]
2025-02-14 17:27:28.928 [warning] [GitFileSystemProvider][stat] File not found - git:/home/raghutds/ragnewwsl/apprsp1.py.git?%7B%22path%22%3A%22%2Fhome%2Fraghutds%2Fragnewwsl%2Fapprsp1.py%22%2C%22ref%22%3A%22%22%7D
2025-02-14 17:27:29.192 [info] > git check-ignore -v -z --stdin [8ms]
2025-02-14 17:27:29.807 [info] > git config --get commit.template [1ms]
2025-02-14 17:27:29.813 [info] > git for-each-ref --format=%(refname)%00%(upstream:short)%00%(objectname)%00%(upstream:track)%00%(upstream:remotename)%00%(upstream:remoteref) refs/heads/main refs/remotes/main [2ms]
2025-02-14 17:27:29.823 [warning] [Git][revParse] Unable to read file: ENOENT: no such file or directory, open '/home/raghutds/ragnewwsl/.git/refs/remotes/origin/main'
2025-02-14 17:27:29.825 [info] > git rev-parse refs/remotes/origin/main [2ms]
2025-02-14 17:27:29.842 [info] > git status -z -uall [11ms]
2025-02-14 17:27:29.844 [info] > git for-each-ref --sort -committerdate --format %(refname) %(objectname) %(*objectname) [5ms]
2025-02-14 17:27:39.445 [info] > git log --format=%H%n%aN%n%aE%n%at%n%ct%n%P%n%D%n%B -z --shortstat --diff-merges=first-parent -n50 --skip=0 --topo-order --decorate=full --stdin [4ms]
2025-02-14 17:28:18.748 [info] > git ls-tree -l 6152f491530a935e13e3c1e00f9091bc4476e949 -- /home/raghutds/ragnewwsl/test14feb25.txt [13ms]
2025-02-14 17:28:18.749 [info] > git add -A -- . [3ms]
2025-02-14 17:28:18.782 [info] > git -c user.useConfigOnly=true commit --quiet --allow-empty-message --file - [29ms]
2025-02-14 17:28:18.790 [info] > git config --get commit.template [3ms]
2025-02-14 17:28:18.800 [info] > git config --get commit.template [2ms]
2025-02-14 17:28:18.810 [info] > git for-each-ref --format=%(refname)%00%(upstream:short)%00%(objectname)%00%(upstream:track)%00%(upstream:remotename)%00%(upstream:remoteref) refs/heads/main refs/remotes/main [4ms]
2025-02-14 17:28:18.816 [warning] [Git][revParse] Unable to read file: ENOENT: no such file or directory, open '/home/raghutds/ragnewwsl/.git/refs/remotes/origin/main'
2025-02-14 17:28:18.817 [info] > git rev-parse refs/remotes/origin/main [1ms]
2025-02-14 17:28:18.829 [info] > git status -z -uall [6ms]
2025-02-14 17:28:18.831 [info] > git for-each-ref --sort -committerdate --format %(refname) %(objectname) %(*objectname) [3ms]
2025-02-14 17:28:18.856 [info] > git merge-base refs/heads/main refs/remotes/origin/main [10ms]
2025-02-14 17:28:18.864 [info] > git diff --name-status -z --diff-filter=ADMR 6152f491530a935e13e3c1e00f9091bc4476e949...refs/remotes/origin/main [1ms]
2025-02-14 17:28:18.895 [info] > git log --format=%H%n%aN%n%aE%n%at%n%ct%n%P%n%D%n%B -z --shortstat --diff-merges=first-parent -n50 --skip=0 --topo-order --decorate=full --stdin [2ms]
2025-02-14 17:28:18.926 [info] > git config --get commit.template [1ms]
2025-02-14 17:28:18.932 [info] > git for-each-ref --format=%(refname)%00%(upstream:short)%00%(objectname)%00%(upstream:track)%00%(upstream:remotename)%00%(upstream:remoteref) refs/heads/main refs/remotes/main [3ms]
2025-02-14 17:28:18.936 [warning] [Git][revParse] Unable to read file: ENOENT: no such file or directory, open '/home/raghutds/ragnewwsl/.git/refs/remotes/origin/main'
2025-02-14 17:28:18.938 [info] > git rev-parse refs/remotes/origin/main [2ms]
2025-02-14 17:28:18.959 [info] > git status -z -uall [8ms]
2025-02-14 17:28:18.973 [info] > git for-each-ref --sort -committerdate --format %(refname) %(objectname) %(*objectname) [15ms]
2025-02-14 17:28:19.186 [info] > git show --textconv :apprsp1.py [4ms]
2025-02-14 17:28:19.200 [info] > git ls-files --stage -- /home/raghutds/ragnewwsl/apprsp1.py [4ms]
2025-02-14 17:28:19.211 [info] > git cat-file -s 8db1454c5dedb38a6f87b1d2bce31753e7f84dbe [7ms]
2025-02-14 17:28:19.986 [info] > git ls-files --stage -- /home/raghutds/ragnewwsl/apprsp1.py [7ms]
2025-02-14 17:28:19.995 [info] > git cat-file -s 8db1454c5dedb38a6f87b1d2bce31753e7f84dbe [3ms]
2025-02-14 17:28:20.011 [info] > git show --textconv :apprsp1.py [3ms]
2025-02-14 17:28:28.394 [info] > git ls-tree -l 6152f491530a935e13e3c1e00f9091bc4476e949 -- /home/raghutds/ragnewwsl/test14feb25.txt [12ms]
2025-02-14 17:28:28.395 [info] > git log --oneline --cherry main...main@{upstream} -- [4ms]
2025-02-14 17:28:28.478 [info] > git show --textconv 6152f491530a935e13e3c1e00f9091bc4476e949:test14feb25.txt [2ms]
2025-02-14 17:28:29.524 [info] > git pull --tags origin main [1124ms]
2025-02-14 17:28:29.524 [info] From https://github.com/raghu2309/ragnewwsl
 * branch            main       -> FETCH_HEAD
2025-02-14 17:28:30.805 [info] > git ls-tree -l 6152f491530a935e13e3c1e00f9091bc4476e949 -- /home/raghutds/ragnewwsl/test14feb25.txt [16ms]
2025-02-14 17:28:30.811 [info] > git ls-files --stage -- /home/raghutds/ragnewwsl/apprsp1.py [9ms]
2025-02-14 17:28:30.821 [info] > git cat-file -s 8db1454c5dedb38a6f87b1d2bce31753e7f84dbe [4ms]
2025-02-14 17:28:30.840 [info] > git show --textconv 6152f491530a935e13e3c1e00f9091bc4476e949:test14feb25.txt [9ms]
2025-02-14 17:28:30.842 [info] > git show --textconv :apprsp1.py [3ms]
2025-02-14 17:28:30.933 [info] > git push origin main:main [1402ms]
2025-02-14 17:28:30.933 [info] To https://github.com/raghu2309/ragnewwsl.git
   6152f49..28223c6  main -> main
2025-02-14 17:28:30.946 [info] > git config --get commit.template [6ms]
2025-02-14 17:28:30.947 [info] > git for-each-ref --format=%(refname)%00%(upstream:short)%00%(objectname)%00%(upstream:track)%00%(upstream:remotename)%00%(upstream:remoteref) refs/heads/main refs/remotes/main [2ms]
2025-02-14 17:28:30.960 [info] > git status -z -uall [7ms]
2025-02-14 17:28:30.962 [info] > git for-each-ref --sort -committerdate --format %(refname) %(objectname) %(*objectname) [3ms]
2025-02-14 17:28:30.983 [info] > git merge-base refs/heads/main refs/remotes/origin/main [3ms]
2025-02-14 17:28:30.991 [info] > git diff --name-status -z --diff-filter=ADMR 28223c648e0a7b77a2304f9380b4675f8cb73071...refs/remotes/origin/main [3ms]
2025-02-14 17:28:31.007 [info] > git log --format=%H%n%aN%n%aE%n%at%n%ct%n%P%n%D%n%B -z --shortstat --diff-merges=first-parent -n50 --skip=0 --topo-order --decorate=full --stdin [2ms]
2025-02-14 17:28:32.691 [info] > git config --get commit.template [6ms]
2025-02-14 17:28:32.692 [info] > git for-each-ref --format=%(refname)%00%(upstream:short)%00%(objectname)%00%(upstream:track)%00%(upstream:remotename)%00%(upstream:remoteref) refs/heads/main refs/remotes/main [2ms]
2025-02-14 17:28:32.707 [info] > git status -z -uall [5ms]
2025-02-14 17:28:32.708 [info] > git for-each-ref --sort -committerdate --format %(refname) %(objectname) %(*objectname) [2ms]
2025-02-14 17:28:32.793 [info] > git ls-tree -l 6152f491530a935e13e3c1e00f9091bc4476e949 -- /home/raghutds/ragnewwsl/test14feb25.txt [4ms]
2025-02-14 17:28:32.794 [info] > git ls-files --stage -- /home/raghutds/ragnewwsl/apprsp1.py [1ms]
2025-02-14 17:28:32.801 [info] > git cat-file -s 8db1454c5dedb38a6f87b1d2bce31753e7f84dbe [3ms]
2025-02-14 17:28:32.808 [info] > git show --textconv 6152f491530a935e13e3c1e00f9091bc4476e949:test14feb25.txt [2ms]
2025-02-14 17:28:32.814 [info] > git show --textconv :apprsp1.py [1ms]
2025-02-14 17:28:37.751 [info] > git config --get commit.template [14ms]
2025-02-14 17:28:37.752 [info] > git for-each-ref --format=%(refname)%00%(upstream:short)%00%(objectname)%00%(upstream:track)%00%(upstream:remotename)%00%(upstream:remoteref) refs/heads/main refs/remotes/main [3ms]
2025-02-14 17:28:37.772 [info] > git status -z -uall [11ms]
2025-02-14 17:28:37.775 [info] > git for-each-ref --sort -committerdate --format %(refname) %(objectname) %(*objectname) [5ms]
2025-02-14 17:29:07.363 [info] > git show --textconv :apprsp1.py [6ms]
2025-02-14 17:29:07.364 [info] > git ls-files --stage -- /home/raghutds/ragnewwsl/apprsp1.py [2ms]
2025-02-14 17:29:07.371 [info] > git cat-file -s 8db1454c5dedb38a6f87b1d2bce31753e7f84dbe [3ms]
2025-02-14 17:29:31.855 [info] > git show --textconv :Dockerfile [17ms]
2025-02-14 17:29:31.858 [warning] [GitFileSystemProvider][readFile] File not found - git:/home/raghutds/ragnewwsl/Dockerfile.git?%7B%22path%22%3A%22%2Fhome%2Fraghutds%2Fragnewwsl%2FDockerfile%22%2C%22ref%22%3A%22%22%7D
2025-02-14 17:29:31.860 [info] > git ls-files --stage -- /home/raghutds/ragnewwsl/Dockerfile [7ms]
2025-02-14 17:29:31.867 [warning] [GitFileSystemProvider][stat] File not found - git:/home/raghutds/ragnewwsl/Dockerfile.git?%7B%22path%22%3A%22%2Fhome%2Fraghutds%2Fragnewwsl%2FDockerfile%22%2C%22ref%22%3A%22%22%7D
2025-02-14 17:29:32.100 [info] > git check-ignore -v -z --stdin [3ms]
2025-02-14 17:29:32.685 [info] > git config --get commit.template [5ms]
2025-02-14 17:29:32.688 [info] > git for-each-ref --format=%(refname)%00%(upstream:short)%00%(objectname)%00%(upstream:track)%00%(upstream:remotename)%00%(upstream:remoteref) refs/heads/main refs/remotes/main [5ms]
2025-02-14 17:29:32.711 [info] > git status -z -uall [13ms]
2025-02-14 17:29:32.715 [info] > git for-each-ref --sort -committerdate --format %(refname) %(objectname) %(*objectname) [6ms]
2025-02-14 17:35:30.128 [info] > git ls-tree -l 6152f491530a935e13e3c1e00f9091bc4476e949 -- /home/raghutds/ragnewwsl/test14feb25.txt [2ms]
2025-02-14 17:36:05.526 [info] > git ls-tree -l 6152f491530a935e13e3c1e00f9091bc4476e949 -- /home/raghutds/ragnewwsl/test14feb25.txt [5ms]
2025-02-14 17:39:27.134 [info] > git ls-tree -l 6152f491530a935e13e3c1e00f9091bc4476e949 -- /home/raghutds/ragnewwsl/test14feb25.txt [2ms]
2025-02-14 17:40:00.887 [info] > git ls-tree -l 6152f491530a935e13e3c1e00f9091bc4476e949 -- /home/raghutds/ragnewwsl/test14feb25.txt [2ms]
2025-02-14 17:40:05.096 [info] > git config --get commit.template [6ms]
2025-02-14 17:40:05.097 [info] > git for-each-ref --format=%(refname)%00%(upstream:short)%00%(objectname)%00%(upstream:track)%00%(upstream:remotename)%00%(upstream:remoteref) refs/heads/main refs/remotes/main [4ms]
2025-02-14 17:40:05.111 [info] > git status -z -uall [9ms]
2025-02-14 17:40:05.112 [info] > git for-each-ref --sort -committerdate --format %(refname) %(objectname) %(*objectname) [3ms]
2025-02-14 17:40:54.800 [info] > git ls-tree -l 6152f491530a935e13e3c1e00f9091bc4476e949 -- /home/raghutds/ragnewwsl/test14feb25.txt [2ms]
2025-02-14 17:42:29.124 [info] > git ls-tree -l 6152f491530a935e13e3c1e00f9091bc4476e949 -- /home/raghutds/ragnewwsl/test14feb25.txt [2ms]
2025-02-14 17:43:00.215 [info] > git ls-tree -l 6152f491530a935e13e3c1e00f9091bc4476e949 -- /home/raghutds/ragnewwsl/test14feb25.txt [2ms]
2025-02-14 17:45:05.629 [info] > git ls-tree -l 6152f491530a935e13e3c1e00f9091bc4476e949 -- /home/raghutds/ragnewwsl/test14feb25.txt [3ms]
2025-02-14 17:45:39.281 [info] > git ls-tree -l 6152f491530a935e13e3c1e00f9091bc4476e949 -- /home/raghutds/ragnewwsl/test14feb25.txt [2ms]
2025-02-14 17:46:12.305 [info] > git ls-tree -l 6152f491530a935e13e3c1e00f9091bc4476e949 -- /home/raghutds/ragnewwsl/test14feb25.txt [2ms]
2025-02-14 17:47:27.985 [info] > git ls-tree -l 6152f491530a935e13e3c1e00f9091bc4476e949 -- /home/raghutds/ragnewwsl/test14feb25.txt [2ms]
2025-02-14 17:47:32.049 [info] > git ls-tree -l 6152f491530a935e13e3c1e00f9091bc4476e949 -- /home/raghutds/ragnewwsl/test14feb25.txt [2ms]
2025-02-14 17:47:57.491 [info] > git ls-tree -l 6152f491530a935e13e3c1e00f9091bc4476e949 -- /home/raghutds/ragnewwsl/test14feb25.txt [4ms]
2025-02-14 17:48:32.129 [info] > git ls-tree -l 6152f491530a935e13e3c1e00f9091bc4476e949 -- /home/raghutds/ragnewwsl/test14feb25.txt [2ms]
2025-02-14 17:51:02.946 [info] > git ls-tree -l 6152f491530a935e13e3c1e00f9091bc4476e949 -- /home/raghutds/ragnewwsl/test14feb25.txt [5ms]
2025-02-14 17:52:33.035 [info] > git ls-tree -l 6152f491530a935e13e3c1e00f9091bc4476e949 -- /home/raghutds/ragnewwsl/test14feb25.txt [2ms]
2025-02-14 18:01:15.800 [info] > git ls-tree -l 6152f491530a935e13e3c1e00f9091bc4476e949 -- /home/raghutds/ragnewwsl/test14feb25.txt [2ms]
2025-02-14 18:01:43.788 [info] > git ls-tree -l 6152f491530a935e13e3c1e00f9091bc4476e949 -- /home/raghutds/ragnewwsl/test14feb25.txt [2ms]
2025-02-14 18:02:03.022 [info] > git ls-tree -l 6152f491530a935e13e3c1e00f9091bc4476e949 -- /home/raghutds/ragnewwsl/test14feb25.txt [2ms]
2025-02-14 18:09:37.786 [info] > git ls-tree -l 6152f491530a935e13e3c1e00f9091bc4476e949 -- /home/raghutds/ragnewwsl/test14feb25.txt [2ms]
2025-02-14 18:29:55.212 [info] > git ls-tree -l 6152f491530a935e13e3c1e00f9091bc4476e949 -- /home/raghutds/ragnewwsl/test14feb25.txt [2ms]
2025-02-14 18:37:20.777 [info] > git ls-tree -l 6152f491530a935e13e3c1e00f9091bc4476e949 -- /home/raghutds/ragnewwsl/test14feb25.txt [2ms]
2025-02-14 18:38:08.899 [info] > git log --format=%H%n%aN%n%aE%n%at%n%ct%n%P%n%D%n%B -z --shortstat --diff-merges=first-parent -n50 --skip=0 --topo-order --decorate=full --stdin [2ms]
2025-02-14 18:38:25.935 [info] > git ls-tree -l 6152f491530a935e13e3c1e00f9091bc4476e949 -- /home/raghutds/ragnewwsl/test14feb25.txt [1ms]
2025-02-14 18:38:26.092 [info] > git add -A -- . [4ms]
2025-02-14 18:38:26.103 [info] > git config --get commit.template [3ms]
2025-02-14 18:38:26.109 [info] > git for-each-ref --format=%(refname)%00%(upstream:short)%00%(objectname)%00%(upstream:track)%00%(upstream:remotename)%00%(upstream:remoteref) refs/heads/main refs/remotes/main [2ms]
2025-02-14 18:38:26.123 [info] > git status -z -uall [9ms]
2025-02-14 18:38:26.125 [info] > git for-each-ref --sort -committerdate --format %(refname) %(objectname) %(*objectname) [4ms]
2025-02-14 18:38:26.538 [info] > git show --textconv :.git/COMMIT_EDITMSG [4ms]
2025-02-14 18:38:26.540 [warning] [GitFileSystemProvider][readFile] File not found - git:/home/raghutds/ragnewwsl/.git/COMMIT_EDITMSG.git?%7B%22path%22%3A%22%2Fhome%2Fraghutds%2Fragnewwsl%2F.git%2FCOMMIT_EDITMSG%22%2C%22ref%22%3A%22%22%7D
2025-02-14 18:38:26.540 [info] > git ls-files --stage -- /home/raghutds/ragnewwsl/.git/COMMIT_EDITMSG [3ms]
2025-02-14 18:38:26.541 [warning] [GitFileSystemProvider][stat] File not found - git:/home/raghutds/ragnewwsl/.git/COMMIT_EDITMSG.git?%7B%22path%22%3A%22%2Fhome%2Fraghutds%2Fragnewwsl%2F.git%2FCOMMIT_EDITMSG%22%2C%22ref%22%3A%22%22%7D
2025-02-14 18:38:26.914 [info] > git check-ignore -v -z --stdin [11ms]
2025-02-14 18:38:42.694 [info] > git -c user.useConfigOnly=true commit --quiet [16559ms]
2025-02-14 18:38:42.695 [info] Aborting commit due to empty commit message.
2025-02-14 18:38:42.706 [info] > git config --get commit.template [5ms]
2025-02-14 18:38:42.712 [info] > git for-each-ref --format=%(refname)%00%(upstream:short)%00%(objectname)%00%(upstream:track)%00%(upstream:remotename)%00%(upstream:remoteref) refs/heads/main refs/remotes/main [2ms]
2025-02-14 18:38:42.726 [info] > git status -z -uall [7ms]
2025-02-14 18:38:42.733 [info] > git for-each-ref --sort -committerdate --format %(refname) %(objectname) %(*objectname) [8ms]
2025-02-14 18:38:42.932 [info] > git show --textconv :Dockerfile [25ms]
2025-02-14 18:38:42.932 [info] > git show --textconv HEAD:Dockerfile [16ms]
2025-02-14 18:38:42.932 [info] > git ls-files --stage -- /home/raghutds/ragnewwsl/Dockerfile [9ms]
2025-02-14 18:38:42.941 [warning] [GitFileSystemProvider][readFile] File not found - git:/home/raghutds/ragnewwsl/Dockerfile.git?%7B%22path%22%3A%22%2Fhome%2Fraghutds%2Fragnewwsl%2FDockerfile%22%2C%22ref%22%3A%22HEAD%22%7D
2025-02-14 18:38:42.943 [info] > git cat-file -s 26a224df253eef87ea57e3446038c75739eb4b06 [7ms]
2025-02-14 18:38:42.944 [info] > git ls-tree -l HEAD -- /home/raghutds/ragnewwsl/Dockerfile [15ms]
2025-02-14 18:38:42.944 [warning] [GitFileSystemProvider][stat] File not found - git:/home/raghutds/ragnewwsl/Dockerfile.git?%7B%22path%22%3A%22%2Fhome%2Fraghutds%2Fragnewwsl%2FDockerfile%22%2C%22ref%22%3A%22HEAD%22%7D
2025-02-14 18:38:43.006 [info] > git blame --root --incremental 28223c648e0a7b77a2304f9380b4675f8cb73071 -- /home/raghutds/ragnewwsl/Dockerfile [7ms]
2025-02-14 18:38:43.006 [info] fatal: no such path Dockerfile in 28223c648e0a7b77a2304f9380b4675f8cb73071
2025-02-14 18:38:52.975 [info] > git -c user.useConfigOnly=true commit --quiet --allow-empty-message --file - [8ms]
2025-02-14 18:38:52.980 [info] > git config --get commit.template [1ms]
2025-02-14 18:38:52.994 [info] > git config --get commit.template [7ms]
2025-02-14 18:38:52.994 [info] > git for-each-ref --format=%(refname)%00%(upstream:short)%00%(objectname)%00%(upstream:track)%00%(upstream:remotename)%00%(upstream:remoteref) refs/heads/main refs/remotes/main [2ms]
2025-02-14 18:38:53.006 [info] > git status -z -uall [6ms]
2025-02-14 18:38:53.009 [info] > git for-each-ref --sort -committerdate --format %(refname) %(objectname) %(*objectname) [3ms]
2025-02-14 18:38:53.066 [info] > git merge-base refs/heads/main refs/remotes/origin/main [30ms]
2025-02-14 18:38:53.083 [info] > git blame --root --incremental 06a52760cd0414f5df4b016be2f0c1dc74905b3d -- /home/raghutds/ragnewwsl/Dockerfile [55ms]
2025-02-14 18:38:53.087 [info] > git diff --name-status -z --diff-filter=ADMR 28223c648e0a7b77a2304f9380b4675f8cb73071...refs/remotes/origin/main [5ms]
2025-02-14 18:38:53.146 [info] > git log --format=%H%n%aN%n%aE%n%at%n%ct%n%P%n%D%n%B -z --shortstat --diff-merges=first-parent -n50 --skip=0 --topo-order --decorate=full --stdin [3ms]
2025-02-14 18:38:53.205 [info] > git config --get commit.template [7ms]
2025-02-14 18:38:53.209 [info] > git for-each-ref --format=%(refname)%00%(upstream:short)%00%(objectname)%00%(upstream:track)%00%(upstream:remotename)%00%(upstream:remoteref) refs/heads/main refs/remotes/main [4ms]
2025-02-14 18:38:53.220 [info] > git status -z -uall [6ms]
2025-02-14 18:38:53.221 [info] > git for-each-ref --sort -committerdate --format %(refname) %(objectname) %(*objectname) [2ms]
2025-02-14 18:38:54.237 [info] > git ls-files --stage -- /home/raghutds/ragnewwsl/Dockerfile [6ms]
2025-02-14 18:38:54.253 [info] > git cat-file -s 26a224df253eef87ea57e3446038c75739eb4b06 [5ms]
2025-02-14 18:38:54.286 [info] > git show --textconv :Dockerfile [9ms]
2025-02-14 18:40:55.223 [info] > git ls-tree -l 6152f491530a935e13e3c1e00f9091bc4476e949 -- /home/raghutds/ragnewwsl/test14feb25.txt [2ms]
2025-02-14 18:40:55.275 [info] > git show --textconv 6152f491530a935e13e3c1e00f9091bc4476e949:test14feb25.txt [2ms]
2025-02-14 18:41:38.350 [info] > git ls-tree -l 6152f491530a935e13e3c1e00f9091bc4476e949 -- /home/raghutds/ragnewwsl/test14feb25.txt [2ms]
2025-02-14 18:42:02.858 [info] > git ls-tree -l 6152f491530a935e13e3c1e00f9091bc4476e949 -- /home/raghutds/ragnewwsl/test14feb25.txt [7ms]
2025-02-14 18:42:09.911 [info] > git check-ignore -v -z --stdin [7ms]
2025-02-14 18:42:10.483 [info] > git config --get commit.template [15ms]
2025-02-14 18:42:10.485 [info] > git for-each-ref --format=%(refname)%00%(upstream:short)%00%(objectname)%00%(upstream:track)%00%(upstream:remotename)%00%(upstream:remoteref) refs/heads/main refs/remotes/main [4ms]
2025-02-14 18:42:10.501 [info] > git status -z -uall [10ms]
2025-02-14 18:42:10.502 [info] > git for-each-ref --sort -committerdate --format %(refname) %(objectname) %(*objectname) [5ms]
2025-02-14 18:42:19.479 [info] > git log --format=%H%n%aN%n%aE%n%at%n%ct%n%P%n%D%n%B -z --shortstat --diff-merges=first-parent -n50 --skip=0 --topo-order --decorate=full --stdin [2ms]
2025-02-14 18:42:55.942 [info] > git ls-tree -l 6152f491530a935e13e3c1e00f9091bc4476e949 -- /home/raghutds/ragnewwsl/test14feb25.txt [1ms]
2025-02-14 18:44:38.964 [info] > git check-ignore -v -z --stdin [2ms]
2025-02-14 18:44:59.445 [info] > git ls-tree -l 6152f491530a935e13e3c1e00f9091bc4476e949 -- /home/raghutds/ragnewwsl/test14feb25.txt [9ms]
2025-02-14 18:44:59.455 [info] > git config --get commit.template [3ms]
2025-02-14 18:44:59.469 [info] > git for-each-ref --format=%(refname)%00%(upstream:short)%00%(objectname)%00%(upstream:track)%00%(upstream:remotename)%00%(upstream:remoteref) refs/heads/main refs/remotes/main [3ms]
2025-02-14 18:44:59.482 [info] > git status -z -uall [7ms]
2025-02-14 18:44:59.486 [info] > git for-each-ref --sort -committerdate --format %(refname) %(objectname) %(*objectname) [5ms]
2025-02-14 18:45:03.152 [info] > git check-ignore -v -z --stdin [1ms]
2025-02-14 18:45:04.525 [info] > git config --get commit.template [17ms]
2025-02-14 18:45:04.527 [info] > git for-each-ref --format=%(refname)%00%(upstream:short)%00%(objectname)%00%(upstream:track)%00%(upstream:remotename)%00%(upstream:remoteref) refs/heads/main refs/remotes/main [7ms]
2025-02-14 18:45:04.554 [info] > git status -z -uall [11ms]
2025-02-14 18:45:04.557 [info] > git for-each-ref --sort -committerdate --format %(refname) %(objectname) %(*objectname) [5ms]
2025-02-14 18:45:39.328 [info] > git ls-tree -l 6152f491530a935e13e3c1e00f9091bc4476e949 -- /home/raghutds/ragnewwsl/test14feb25.txt [3ms]
2025-02-14 18:47:32.080 [info] > git ls-tree -l 6152f491530a935e13e3c1e00f9091bc4476e949 -- /home/raghutds/ragnewwsl/test14feb25.txt [5ms]
2025-02-14 18:48:36.033 [info] > git ls-tree -l 6152f491530a935e13e3c1e00f9091bc4476e949 -- /home/raghutds/ragnewwsl/test14feb25.txt [2ms]
2025-02-14 18:48:36.907 [info] > git check-ignore -v -z --stdin [7ms]
2025-02-14 18:48:37.486 [info] > git config --get commit.template [13ms]
2025-02-14 18:48:37.488 [info] > git for-each-ref --format=%(refname)%00%(upstream:short)%00%(objectname)%00%(upstream:track)%00%(upstream:remotename)%00%(upstream:remoteref) refs/heads/main refs/remotes/main [3ms]
2025-02-14 18:48:37.503 [info] > git status -z -uall [10ms]
2025-02-14 18:48:37.507 [info] > git for-each-ref --sort -committerdate --format %(refname) %(objectname) %(*objectname) [9ms]
2025-02-14 18:51:05.765 [info] > git ls-tree -l 6152f491530a935e13e3c1e00f9091bc4476e949 -- /home/raghutds/ragnewwsl/test14feb25.txt [2ms]
2025-02-14 18:51:13.098 [info] > git show --textconv :tdsproject1/apprsp1.py [16ms]
2025-02-14 18:51:13.099 [warning] [GitFileSystemProvider][readFile] File not found - git:/home/raghutds/ragnewwsl/tdsproject1/apprsp1.py.git?%7B%22path%22%3A%22%2Fhome%2Fraghutds%2Fragnewwsl%2Ftdsproject1%2Fapprsp1.py%22%2C%22ref%22%3A%22%22%7D
2025-02-14 18:51:13.101 [info] > git ls-files --stage -- /home/raghutds/ragnewwsl/tdsproject1/apprsp1.py [4ms]
2025-02-14 18:51:13.102 [warning] [GitFileSystemProvider][stat] File not found - git:/home/raghutds/ragnewwsl/tdsproject1/apprsp1.py.git?%7B%22path%22%3A%22%2Fhome%2Fraghutds%2Fragnewwsl%2Ftdsproject1%2Fapprsp1.py%22%2C%22ref%22%3A%22%22%7D
2025-02-14 18:51:16.697 [info] > git blame --root --incremental 06a52760cd0414f5df4b016be2f0c1dc74905b3d -- /home/raghutds/ragnewwsl/tdsproject1/apprsp1.py [3ms]
2025-02-14 18:51:16.697 [info] fatal: no such path tdsproject1/apprsp1.py in 06a52760cd0414f5df4b016be2f0c1dc74905b3d
2025-02-14 18:52:02.489 [info] > git ls-tree -l 6152f491530a935e13e3c1e00f9091bc4476e949 -- /home/raghutds/ragnewwsl/test14feb25.txt [2ms]
2025-02-14 18:52:24.923 [info] > git ls-tree -l 6152f491530a935e13e3c1e00f9091bc4476e949 -- /home/raghutds/ragnewwsl/test14feb25.txt [2ms]
2025-02-14 18:52:47.124 [info] > git ls-tree -l 6152f491530a935e13e3c1e00f9091bc4476e949 -- /home/raghutds/ragnewwsl/test14feb25.txt [2ms]
2025-02-14 18:53:39.253 [info] > git ls-tree -l 6152f491530a935e13e3c1e00f9091bc4476e949 -- /home/raghutds/ragnewwsl/test14feb25.txt [2ms]
2025-02-14 18:57:30.847 [info] > git ls-tree -l 6152f491530a935e13e3c1e00f9091bc4476e949 -- /home/raghutds/ragnewwsl/test14feb25.txt [2ms]
2025-02-14 18:59:28.864 [info] > git ls-tree -l 6152f491530a935e13e3c1e00f9091bc4476e949 -- /home/raghutds/ragnewwsl/test14feb25.txt [4ms]
2025-02-14 19:00:29.202 [info] > git ls-tree -l 6152f491530a935e13e3c1e00f9091bc4476e949 -- /home/raghutds/ragnewwsl/test14feb25.txt [2ms]
2025-02-14 19:17:10.407 [info] > git ls-tree -l 6152f491530a935e13e3c1e00f9091bc4476e949 -- /home/raghutds/ragnewwsl/test14feb25.txt [3ms]
2025-02-14 19:17:59.277 [info] > git ls-tree -l 6152f491530a935e13e3c1e00f9091bc4476e949 -- /home/raghutds/ragnewwsl/test14feb25.txt [2ms]
2025-02-14 19:19:05.102 [info] > git ls-tree -l 6152f491530a935e13e3c1e00f9091bc4476e949 -- /home/raghutds/ragnewwsl/test14feb25.txt [2ms]
2025-02-14 19:19:38.383 [info] > git ls-tree -l 6152f491530a935e13e3c1e00f9091bc4476e949 -- /home/raghutds/ragnewwsl/test14feb25.txt [2ms]
2025-02-14 19:30:49.159 [info] > git ls-tree -l 6152f491530a935e13e3c1e00f9091bc4476e949 -- /home/raghutds/ragnewwsl/test14feb25.txt [2ms]
2025-02-14 19:33:36.857 [info] > git ls-tree -l 6152f491530a935e13e3c1e00f9091bc4476e949 -- /home/raghutds/ragnewwsl/test14feb25.txt [4ms]
2025-02-14 19:35:23.607 [info] > git ls-tree -l 6152f491530a935e13e3c1e00f9091bc4476e949 -- /home/raghutds/ragnewwsl/test14feb25.txt [2ms]
2025-02-14 19:46:45.828 [info] > git ls-tree -l 6152f491530a935e13e3c1e00f9091bc4476e949 -- /home/raghutds/ragnewwsl/test14feb25.txt [2ms]
2025-02-14 19:47:52.885 [info] > git ls-tree -l 6152f491530a935e13e3c1e00f9091bc4476e949 -- /home/raghutds/ragnewwsl/test14feb25.txt [2ms]
2025-02-14 19:50:02.595 [info] > git ls-tree -l 6152f491530a935e13e3c1e00f9091bc4476e949 -- /home/raghutds/ragnewwsl/test14feb25.txt [2ms]
2025-02-14 19:56:05.502 [info] > git ls-tree -l 6152f491530a935e13e3c1e00f9091bc4476e949 -- /home/raghutds/ragnewwsl/test14feb25.txt [2ms]
2025-02-14 19:56:53.326 [info] > git ls-tree -l 6152f491530a935e13e3c1e00f9091bc4476e949 -- /home/raghutds/ragnewwsl/test14feb25.txt [2ms]
2025-02-14 19:59:26.346 [info] > git ls-tree -l 6152f491530a935e13e3c1e00f9091bc4476e949 -- /home/raghutds/ragnewwsl/test14feb25.txt [3ms]
2025-02-14 20:03:29.808 [info] > git ls-tree -l 6152f491530a935e13e3c1e00f9091bc4476e949 -- /home/raghutds/ragnewwsl/test14feb25.txt [3ms]
2025-02-14 20:04:51.416 [info] > git ls-tree -l 6152f491530a935e13e3c1e00f9091bc4476e949 -- /home/raghutds/ragnewwsl/test14feb25.txt [3ms]
2025-02-14 20:05:01.980 [info] > git config --get commit.template [9ms]
2025-02-14 20:05:01.981 [info] > git for-each-ref --format=%(refname)%00%(upstream:short)%00%(objectname)%00%(upstream:track)%00%(upstream:remotename)%00%(upstream:remoteref) refs/heads/main refs/remotes/main [3ms]
2025-02-14 20:05:01.999 [info] > git status -z -uall [11ms]
2025-02-14 20:05:02.002 [info] > git for-each-ref --sort -committerdate --format %(refname) %(objectname) %(*objectname) [6ms]
2025-02-14 20:05:04.572 [info] > git show --textconv :Dockerfile [15ms]
2025-02-14 20:05:04.577 [info] > git ls-files --stage -- /home/raghutds/ragnewwsl/Dockerfile [13ms]
2025-02-14 20:05:04.589 [info] > git cat-file -s 26a224df253eef87ea57e3446038c75739eb4b06 [5ms]
2025-02-14 20:05:09.611 [info] > git config --get commit.template [9ms]
2025-02-14 20:05:09.616 [info] > git for-each-ref --format=%(refname)%00%(upstream:short)%00%(objectname)%00%(upstream:track)%00%(upstream:remotename)%00%(upstream:remoteref) refs/heads/main refs/remotes/main [7ms]
2025-02-14 20:05:09.638 [info] > git status -z -uall [8ms]
2025-02-14 20:05:09.642 [info] > git for-each-ref --sort -committerdate --format %(refname) %(objectname) %(*objectname) [6ms]
