2025-02-14 05:04:07.844 [info] Experiment 'pythonaacf' is active
2025-02-14 05:04:07.844 [info] Experiment 'pythonRecommendTensorboardExt' is active
2025-02-14 05:04:07.844 [info] Experiment 'pythonTerminalEnvVarActivation' is active
2025-02-14 05:04:07.844 [info] Experiment 'pythonTestAdapter' is active
2025-02-14 05:04:07.895 [warning] Dir "/home/raghutds/.pixi/envs" is not watchable (directory does not exist)
2025-02-14 05:04:07.985 [info] Starting Environment refresh
2025-02-14 05:04:07.985 [info] Searching for interpreters in posix paths locator
2025-02-14 05:04:08.009 [info] Searching for pyenv environments
2025-02-14 05:04:08.009 [info] Searching for conda environments
2025-02-14 05:04:08.010 [info] Searching for global virtual environments
2025-02-14 05:04:08.010 [info] Searching for custom virtual environments
2025-02-14 05:04:08.969 [info] pyenv is not installed
2025-02-14 05:04:08.969 [info] Finished searching for pyenv environments: 973 milliseconds
2025-02-14 05:04:08.973 [info] Finished searching for custom virtual envs: 974 milliseconds
2025-02-14 05:04:09.037 [info] > conda info --json
2025-02-14 05:04:09.098 [info] > hatch env show --json
2025-02-14 05:04:09.098 [info] cwd: .
2025-02-14 05:04:09.242 [info] > pyenv which python
2025-02-14 05:04:09.242 [info] cwd: .
2025-02-14 05:04:09.243 [info] Finished searching for global virtual envs: 1244 milliseconds
2025-02-14 05:04:09.335 [info] Found: /bin/python3 --> /bin/python3.12
2025-02-14 05:04:09.344 [info] Found: /bin/python3.12 --> /bin/python3.12
2025-02-14 05:04:09.477 [info] Found: /usr/bin/python3 --> /usr/bin/python3.12
2025-02-14 05:04:09.478 [info] Found: /usr/bin/python3.12 --> /usr/bin/python3.12
2025-02-14 05:04:09.702 [info] Finished searching for interpreters in posix paths locator: 1716 milliseconds
2025-02-14 05:04:09.702 [info] > /bin/python3 -I ./.vscode-server/extensions/ms-python.python-2025.0.0-linux-x64/python_files/get_output_via_markers.py ./.vscode-server/extensions/ms-python.python-2025.0.0-linux-x64/python_files/interpreterInfo.py
2025-02-14 05:04:09.730 [info] > /usr/bin/python3 -I ./.vscode-server/extensions/ms-python.python-2025.0.0-linux-x64/python_files/get_output_via_markers.py ./.vscode-server/extensions/ms-python.python-2025.0.0-linux-x64/python_files/interpreterInfo.py
2025-02-14 05:04:09.730 [info] Environments refresh paths discovered (event): 1750 milliseconds
2025-02-14 05:04:09.730 [info] Environments refresh paths discovered: 1750 milliseconds
2025-02-14 05:04:09.809 [info] Environments refresh finished (event): 1829 milliseconds
2025-02-14 05:04:09.823 [info] Environment refresh took 1844 milliseconds
2025-02-14 05:04:09.832 [info] Python interpreter path: /bin/python3
2025-02-14 05:04:11.892 [info] Starting Pylance language server.
